\BOOKMARK [0][-]{Doc-Start}{\376\377\016\052\016\062\016\043\016\032\016\061\016\015}{}% 1
\BOOKMARK [0][-]{Doc-Start}{\376\377\016\052\016\062\016\043\016\032\016\061\016\015\016\025\016\062\016\043\016\062\016\007}{}% 2
\BOOKMARK [0][-]{Doc-Start}{\376\377\016\052\016\062\016\043\016\032\016\061\016\015\016\043\016\071\016\033\016\040\016\062\016\036}{}% 3
\BOOKMARK [0][-]{chapter.1}{\376\377\016\032\016\027\016\027\016\065\016\110\000\040\016\032\016\027\016\031\016\063}{}% 4
\BOOKMARK [1][-]{section.1.1}{\376\377\016\027\016\065\016\110\016\041\016\062\016\101\016\045\016\060\016\004\016\047\016\062\016\041\016\052\016\063\016\004\016\061\016\015}{chapter.1}% 5
\BOOKMARK [1][-]{section.1.2}{\376\377\016\033\016\043\016\060\016\100\016\040\016\027\016\002\016\055\016\007\016\102\016\004\016\043\016\007\016\007\016\062\016\031\000\040}{chapter.1}% 6
\BOOKMARK [1][-]{section.1.3}{\376\377\016\047\016\064\016\030\016\065\016\001\016\062\016\043\016\027\016\065\016\110\016\031\016\063\016\100\016\052\016\031\016\055}{chapter.1}% 7
\BOOKMARK [2][-]{subsection.1.3.1}{\376\377\016\047\016\061\016\025\016\026\016\070\016\033\016\043\016\060\016\052\016\007\016\004\016\114}{section.1.3}% 8
\BOOKMARK [2][-]{subsection.1.3.2}{\376\377\016\047\016\064\016\030\016\065\016\027\016\065\016\110\016\103\016\012\016\111}{section.1.3}% 9
\BOOKMARK [2][-]{subsection.1.3.3}{\376\377\016\002\016\055\016\032\016\100\016\002\016\025\016\002\016\055\016\007\016\102\016\004\016\043\016\007\016\007\016\062\016\031}{section.1.3}% 10
\BOOKMARK [1][-]{section.1.4}{\376\377\016\025\016\062\016\043\016\062\016\007\016\001\016\062\016\043\016\024\016\063\016\100\016\031\016\064\016\031\016\007\016\062\016\031}{chapter.1}% 11
\BOOKMARK [1][-]{section.1.5}{\376\377\016\034\016\045\016\001\016\062\016\043\016\024\016\063\016\100\016\031\016\064\016\031\016\007\016\062\016\031}{chapter.1}% 12
\BOOKMARK [0][-]{chapter.2}{\376\377\016\032\016\027\016\027\016\065\016\110\000\040\016\027\016\044\016\051\016\016\016\065\016\101\016\045\016\060\016\007\016\062\016\031\016\047\016\064\016\010\016\061\016\042\016\027\016\065\016\110\016\100\016\001\016\065\016\110\016\042\016\047\016\002\016\111\016\055\016\007}{}% 13
\BOOKMARK [1][-]{section.2.1}{\376\377\016\027\016\044\016\051\016\016\016\065\016\027\016\065\016\110\016\100\016\001\016\065\016\110\016\042\016\047\016\002\016\111\016\055\016\007}{chapter.2}% 14
\BOOKMARK [2][-]{subsection.2.1.1}{\376\377\016\001\016\062\016\043\016\100\016\043\016\065\016\042\016\031\016\043\016\071\016\111\016\004\016\063\016\050\016\061\016\036\016\027\016\114}{section.2.1}% 15
\BOOKMARK [2][-]{subsection.2.1.2}{\376\377\016\032\016\061\016\025\016\043\016\004\016\063}{section.2.1}% 16
\BOOKMARK [2][-]{subsection.2.1.3}{\376\377\016\002\016\111\016\055\016\052\016\055\016\032\016\101\016\032\016\032\016\100\016\045\016\067\016\055\016\001\016\025\016\055\016\032}{section.2.1}% 17
\BOOKMARK [2][-]{subsection.2.1.4}{\376\377\000G\000a\000m\000e\000s\000-\000B\000a\000s\000e\000d\000\040\000L\000e\000a\000r\000n\000i\000n\000g\000\040\000G\000B\000L}{section.2.1}% 18
\BOOKMARK [2][-]{subsection.2.1.5}{\376\377\000C\000o\000m\000p\000u\000t\000e\000r\000-\000A\000i\000d\000e\000d\000\040\000I\000n\000s\000t\000r\000u\000c\000t\000i\000o\000n\000\040\000C\000A\000I\0001\000,\000C\000A\000I\0002}{section.2.1}% 19
\BOOKMARK [1][-]{section.2.2}{\376\377\016\040\016\062\016\051\016\062\016\004\016\055\016\041\016\036\016\064\016\047\016\100\016\025\016\055\016\043\016\114\016\101\016\045\016\060\016\100\016\027\016\004\016\102\016\031\016\102\016\045\016\042\016\065}{chapter.2}% 20
\BOOKMARK [2][-]{subsection.2.2.1}{\376\377\000R\000e\000a\000c\000t}{section.2.2}% 21
\BOOKMARK [2][-]{subsection.2.2.2}{\376\377\000D\000j\000a\000n\000g\000o}{section.2.2}% 22
\BOOKMARK [2][-]{subsection.2.2.3}{\376\377\000F\000i\000g\000m\000a\000\040\000F\000i\000g\000m\000a}{section.2.2}% 23
\BOOKMARK [1][-]{section.2.3}{\376\377\016\007\016\062\016\031\016\047\016\064\016\010\016\061\016\042\016\027\016\065\016\110\016\100\016\001\016\065\016\110\016\042\016\047\016\002\016\111\016\055\016\007}{chapter.2}% 24
\BOOKMARK [2][-]{subsection.2.3.1}{\376\377\000D\000u\000o\000C\000a\000r\000d\000s\000\040\000D\000u\000o\000C\000a\000r\000d\000s}{section.2.3}% 25
\BOOKMARK [2][-]{subsection.2.3.2}{\376\377\000M\000e\000m\000r\000i\000s\000e\000\040\000M\000e\000m\000r\000i\000s\000e}{section.2.3}% 26
\BOOKMARK [2][-]{subsection.2.3.3}{\376\377\000D\000u\000o\000l\000i\000n\000g\000o\000\040\000D\000u\000o\000l\000i\000n\000g\000o}{section.2.3}% 27
\BOOKMARK [0][-]{chapter.3}{\376\377\016\032\016\027\016\027\016\065\016\110\000\040\016\047\016\064\016\030\016\065\016\001\016\062\016\043\016\027\016\063\016\007\016\062\016\031\000\040\016\001\016\043\016\060\016\032\016\047\016\031\016\001\016\062\016\043\016\101\016\045\016\060\016\001\016\062\016\043\016\055\016\055\016\001\016\101\016\032\016\032}{}% 28
\BOOKMARK [1][-]{section.3.1}{\376\377\016\043\016\062\016\042\016\045\016\060\016\100\016\055\016\065\016\042\016\024\016\002\016\055\016\007\016\102\016\004\016\043\016\007\016\007\016\062\016\031}{chapter.3}% 29
\BOOKMARK [2][-]{subsection.3.1.1}{\376\377\016\004\016\047\016\062\016\041\016\025\016\111\016\055\016\007\016\001\016\062\016\043\016\043\016\060\016\032\016\032}{section.3.1}% 30
\BOOKMARK [2][-]{subsection.3.1.2}{\376\377\000U\000s\000e\000\040\000C\000a\000s\000e\000\040\000D\000i\000a\000g\000r\000a\000m}{section.3.1}% 31
\BOOKMARK [2][-]{subsection.3.1.3}{\376\377\000U\000s\000e\000\040\000C\000a\000s\000e\000\040\000N\000a\000r\000r\000a\000t\000i\000v\000e}{section.3.1}% 32
\BOOKMARK [3][-]{subsubsection.3.1.3.1}{\376\377\016\045\016\007\016\027\016\060\016\100\016\032\016\065\016\042\016\031\016\034\016\071\016\111\016\103\016\012\016\111\016\007\016\062\016\031}{subsection.3.1.3}% 33
\BOOKMARK [3][-]{subsubsection.3.1.3.2}{\376\377\016\100\016\002\016\111\016\062\016\052\016\071\016\110\016\043\016\060\016\032\016\032}{subsection.3.1.3}% 34
\BOOKMARK [3][-]{subsubsection.3.1.3.3}{\376\377\016\024\016\071\016\052\016\026\016\064\016\025\016\064\016\001\016\062\016\043\016\103\016\012\016\111\016\007\016\062\016\031\016\100\016\047\016\107\016\032\016\101\016\055\016\033\016\036\016\045\016\064\016\100\016\004\016\012\016\061\016\031}{subsection.3.1.3}% 35
\BOOKMARK [3][-]{subsubsection.3.1.3.4}{\376\377\016\052\016\070\016\110\016\041\016\004\016\063\016\050\016\061\016\036\016\027\016\114\016\103\016\053\016\041\016\110\016\100\016\036\016\067\016\110\016\055\016\001\016\062\016\043\016\100\016\043\016\065\016\042\016\031\016\043\016\071\016\111}{subsection.3.1.3}% 36
\BOOKMARK [3][-]{subsubsection.3.1.3.5}{\376\377\016\004\016\111\016\031\016\053\016\062\016\004\016\063\016\050\016\061\016\036\016\027\016\114\016\010\016\062\016\001\016\020\016\062\016\031\016\002\016\111\016\055\016\041\016\071\016\045}{subsection.3.1.3}% 37
\BOOKMARK [3][-]{subsubsection.3.1.3.6}{\376\377\016\101\016\052\016\024\016\007\016\034\016\045\016\043\016\062\016\042\016\045\016\060\016\100\016\055\016\065\016\042\016\024\016\004\016\063\016\050\016\061\016\036\016\027\016\114}{subsection.3.1.3}% 38
\BOOKMARK [3][-]{subsubsection.3.1.3.7}{\376\377\016\100\016\045\016\067\016\055\016\001\016\004\016\063\016\050\016\061\016\036\016\027\016\114\016\100\016\036\016\067\016\110\016\055\016\103\016\012\016\111\016\007\016\062\016\031\016\032\016\061\016\025\016\043\016\004\016\063}{subsection.3.1.3}% 39
\BOOKMARK [3][-]{subsubsection.3.1.3.8}{\376\377\016\052\016\070\016\110\016\041\016\004\016\063\016\050\016\061\016\036\016\027\016\114\016\100\016\036\016\067\016\110\016\055\016\103\016\012\016\111\016\007\016\062\016\031\016\032\016\061\016\025\016\043\016\004\016\063}{subsection.3.1.3}% 40
\BOOKMARK [3][-]{subsubsection.3.1.3.9}{\376\377\016\024\016\071\016\032\016\061\016\025\016\043\016\004\016\063}{subsection.3.1.3}% 41
\BOOKMARK [3][-]{subsubsection.3.1.3.10}{\376\377\016\027\016\063\016\101\016\032\016\032\016\027\016\024\016\052\016\055\016\032}{subsection.3.1.3}% 42
\BOOKMARK [3][-]{subsubsection.3.1.3.11}{\376\377\016\100\016\045\016\110\016\031\016\100\016\001\016\041\016\100\016\043\016\065\016\042\016\007\016\036\016\042\016\061\016\015\016\012\016\031\016\060\016\100\016\033\016\107\016\031\016\004\016\063\016\050\016\061\016\036\016\027\016\114}{subsection.3.1.3}% 43
\BOOKMARK [2][-]{subsection.3.1.4}{\376\377\000S\000y\000s\000t\000e\000m\000\040\000A\000r\000c\000h\000i\000t\000e\000c\000t\000u\000r\000e}{section.3.1}% 44
\BOOKMARK [2][-]{subsection.3.1.5}{\376\377\000S\000e\000q\000u\000e\000n\000c\000e\000\040\000D\000i\000a\000g\000r\000a\000m}{section.3.1}% 45
\BOOKMARK [3][-]{subsubsection.3.1.5.1}{\376\377\016\045\016\007\016\027\016\060\016\100\016\032\016\065\016\042\016\031\016\034\016\071\016\111\016\103\016\012\016\111\016\007\016\062\016\031}{subsection.3.1.5}% 46
\BOOKMARK [3][-]{subsubsection.3.1.5.2}{\376\377\016\100\016\002\016\111\016\062\016\052\016\071\016\110\016\043\016\060\016\032\016\032}{subsection.3.1.5}% 47
\BOOKMARK [3][-]{subsubsection.3.1.5.3}{\376\377\016\024\016\071\016\052\016\026\016\064\016\025\016\064\016\001\016\062\016\043\016\103\016\012\016\111\016\007\016\062\016\031\016\100\016\047\016\107\016\032\016\101\016\055\016\033\016\036\016\045\016\064\016\100\016\004\016\012\016\061\016\031}{subsection.3.1.5}% 48
\BOOKMARK [3][-]{subsubsection.3.1.5.4}{\376\377\016\052\016\070\016\110\016\041\016\004\016\063\016\050\016\061\016\036\016\027\016\114\016\103\016\053\016\041\016\110\016\100\016\036\016\067\016\110\016\055\016\001\016\062\016\043\016\100\016\043\016\065\016\042\016\031\016\043\016\071\016\111}{subsection.3.1.5}% 49
\BOOKMARK [3][-]{subsubsection.3.1.5.5}{\376\377\016\004\016\111\016\031\016\053\016\062\016\004\016\063\016\050\016\061\016\036\016\027\016\114\016\010\016\062\016\001\016\020\016\062\016\031\016\002\016\111\016\055\016\041\016\071\016\045}{subsection.3.1.5}% 50
\BOOKMARK [3][-]{subsubsection.3.1.5.6}{\376\377\016\101\016\052\016\024\016\007\016\034\016\045\016\043\016\062\016\042\016\045\016\060\016\100\016\055\016\065\016\042\016\024\016\004\016\063\016\050\016\061\016\036\016\027\016\114}{subsection.3.1.5}% 51
\BOOKMARK [3][-]{subsubsection.3.1.5.7}{\376\377\016\100\016\045\016\067\016\055\016\001\016\004\016\063\016\050\016\061\016\036\016\027\016\114\016\100\016\036\016\067\016\110\016\055\016\103\016\012\016\111\016\007\016\062\016\031\016\032\016\061\016\025\016\043\016\004\016\063}{subsection.3.1.5}% 52
\BOOKMARK [3][-]{subsubsection.3.1.5.8}{\376\377\016\052\016\070\016\110\016\041\016\004\016\063\016\050\016\061\016\036\016\027\016\114\016\100\016\036\016\067\016\110\016\055\016\103\016\012\016\111\016\007\016\062\016\031\016\032\016\061\016\025\016\043\016\004\016\063}{subsection.3.1.5}% 53
\BOOKMARK [3][-]{subsubsection.3.1.5.9}{\376\377\016\024\016\071\016\032\016\061\016\025\016\043\016\004\016\063}{subsection.3.1.5}% 54
\BOOKMARK [3][-]{subsubsection.3.1.5.10}{\376\377\016\027\016\063\016\101\016\032\016\032\016\027\016\024\016\052\016\055\016\032}{subsection.3.1.5}% 55
\BOOKMARK [3][-]{subsubsection.3.1.5.11}{\376\377\016\100\016\045\016\110\016\031\016\100\016\001\016\041\016\100\016\043\016\065\016\042\016\007\016\036\016\042\016\061\016\015\016\012\016\031\016\060\016\100\016\033\016\107\016\031\016\004\016\063\016\050\016\061\016\036\016\027\016\114}{subsection.3.1.5}% 56
\BOOKMARK [2][-]{subsection.3.1.6}{\376\377\000U\000s\000e\000r\000\040\000I\000n\000t\000e\000r\000f\000a\000c\000e\000\040\000D\000e\000s\000i\000g\000n}{section.3.1}% 57
\BOOKMARK [0][-]{figure.caption.55}{\376\377\016\053\016\031\016\061\016\007\016\052\016\067\016\055\016\055\016\111\016\062\016\007\016\055\016\064\016\007}{}% 58
